This is LuaHBTeX, Version 1.24.0 (MiKTeX 26.2) (format=lualatex 2026.3.15)  19 APR 2026 19:27
 restricted system commands enabled.
**./Memoria.tex
(./Memoria.tex
LaTeX2e <2025-11-01>
L3 programming layer <2026-01-19>
Lua module: luaotfload 2024-12-03 v3.29 Lua based OpenType font support
Lua module: lualibs 2023-07-13 v2.76 ConTeXt Lua standard libraries.
Lua module: lualibs-extended 2023-07-13 v2.76 ConTeXt Lua libraries -- extended 
collection.
luaotfload | conf : Root cache directory is "C:/Users/Álvaro Schwiedop/AppData/
Local/MiKTeX/luatex-cache/generic/names".
luaotfload | init : Loading fontloader "fontloader-2023-12-28.lua" from kpse-res
olved path "C:/Users/Álvaro Schwiedop/AppData/Local/Programs/MiKTeX/tex/luatex/
luaotfload/fontloader-2023-12-28.lua".
Lua-only attribute luaotfload@noligature = 1
luaotfload | init : Context OpenType loader version 3.134
Inserting `luaotfload.node_processor' in `pre_linebreak_filter'.
Inserting `luaotfload.node_processor' in `hpack_filter'.
Inserting `luaotfload.glyph_stream' in `glyph_stream_provider'.
Inserting `luaotfload.define_font' in `define_font'.
Lua-only attribute luaotfload_color_attribute = 2
luaotfload | conf : Root cache directory is "C:/Users/Álvaro Schwiedop/AppData/
Local/MiKTeX/luatex-cache/generic/names".
Inserting `luaotfload.harf.strip_prefix' in `find_opentype_file'.
Inserting `luaotfload.harf.strip_prefix' in `find_truetype_file'.
Removing  `luaotfload.glyph_stream' from `glyph_stream_provider'.
Inserting `luaotfload.harf.glyphstream' in `glyph_stream_provider'.
Inserting `luaotfload.harf.finalize_vlist' in `post_linebreak_filter'.
Inserting `luaotfload.harf.finalize_hlist' in `hpack_filter'.
Inserting `luaotfload.cleanup_files' in `wrapup_run'.
Inserting `luaotfload.harf.finalize_unicode' in `finish_pdffile'.
Inserting `luaotfload.glyphinfo' in `glyph_info'.
Lua-only attribute luaotfload.letterspace_done = 3
Inserting `luaotfload.aux.set_sscale_dimens' in `luaotfload.patch_font'.
Inserting `luaotfload.aux.set_font_index' in `luaotfload.patch_font'.
Inserting `luaotfload.aux.patch_cambria_domh' in `luaotfload.patch_font'.
Inserting `luaotfload.aux.fixup_fontdata' in `luaotfload.patch_font_unsafe'.
Inserting `luaotfload.aux.set_capheight' in `luaotfload.patch_font'.
Inserting `luaotfload.aux.set_xheight' in `luaotfload.patch_font'.
Inserting `luaotfload.rewrite_fontname' in `luaotfload.patch_font'.
Inserting `tracingstacklevels' in `input_level_string'.
("C:/Users/Álvaro Schwiedop/AppData/Local/Programs/MiKTeX/tex/latex/base/artic
le.cls"
Document Class: article 2025/01/22 v1.4n Standard LaTeX document class

("C:/Users/Álvaro Schwiedop/AppData/Local/Programs/MiKTeX/tex/latex/base/size1
0.clo"
File: size10.clo 2025/01/22 v1.4n Standard LaTeX file (size option)
luaotfload | db : Font names database loaded from C:/Users/Álvaro Schwiedop/App
Data/Local/MiKTeX/luatex-cache/generic/names/luaotfload-names.luc.gz)
\c@part=\count273
\c@section=\count274
\c@subsection=\count275
\c@subsubsection=\count276
\c@paragraph=\count277
\c@subparagraph=\count278
\c@figure=\count279
\c@table=\count280
\abovecaptionskip=\skip49
\belowcaptionskip=\skip50
\bibindent=\dimen147
)
("C:/Users/Álvaro Schwiedop/AppData/Local/Programs/MiKTeX/tex/generic/babel/ba
bel.sty"
Package: babel 2026/02/14 v26.3 The multilingual framework for LuaLaTeX, pdfLaT
eX and XeLaTeX

("C:/Users/Álvaro Schwiedop/AppData/Local/Programs/MiKTeX/tex/generic/babel/lu
ababel.def"
\bbl@readstream=\read2
\l@afrikaans=\language2
Package babel Info: Non-standard hyphenation setup on input line 118.
\l@ancientgreek=\language3
\l@armenian=\language4
\l@assamese=\language5
\l@basque=\language6
\l@belarusian=\language7
\l@bengali=\language8
\l@bokmal=\language9
\l@bulgarian=\language10
\l@catalan=\language11
\l@churchslavonic=\language12
\l@classiclatin=\language13
\l@coptic=\language14
\l@croatian=\language15
\l@czech=\language16
\l@danish=\language17
\l@dutch=\language18
\l@esperanto=\language19
\l@estonian=\language20
\l@ethiopic=\language21
\l@finnish=\language22
\l@french=\language23
\l@friulan=\language24
\l@galician=\language25
\l@georgian=\language26
\l@german=\language27
\l@greek=\language28
\l@gujarati=\language29
\l@hindi=\language30
\l@hungarian=\language31
\l@icelandic=\language32
\l@indonesian=\language33
\l@interlingua=\language34
\l@irish=\language35
\l@italian=\language36
\l@kannada=\language37
\l@kurmanji=\language38
\l@latin=\language39
\l@latvian=\language40
\l@lithuanian=\language41
\l@liturgicallatin=\language42
\l@macedonian=\language43
\l@malayalam=\language44
\l@marathi=\language45
\l@mongolian=\language46
\l@mongolianlmc=\language47
\l@monogreek=\language48
\l@ngerman=\language49
\l@nynorsk=\language50
\l@occitan=\language51
\l@oriya=\language52
\l@pali=\language53
\l@panjabi=\language54
\l@piedmontese=\language55
\l@polish=\language56
\l@portuguese=\language57
\l@romanian=\language58
\l@romansh=\language59
\l@russian=\language60
\l@sanskrit=\language61
\l@serbian=\language62
\l@serbianc=\language63
\l@slovak=\language64
\l@slovenian=\language65
\l@spanish=\language66
\l@swedish=\language67
\l@swissgerman=\language68
\l@tamil=\language69
\l@telugu=\language70
\l@thai=\language71
\l@turkish=\language72
\l@turkmen=\language73
\l@ukenglish=\language74
\l@ukrainian=\language75
\l@uppersorbian=\language76
\l@usenglishmax=\language77
\l@welsh=\language78
\babelcatcodetablenum=\catcodetable14
\bbl@pattcodes=\catcodetable15
)
\babel@savecnt=\count281
LaTeX Encoding Info:    Redeclaring text command \ij (encoding OT1) on input li
ne 2078.
LaTeX Encoding Info:    Redeclaring text command \IJ (encoding OT1) on input li
ne 2080.
LaTeX Encoding Info:    Redeclaring text command \ij (encoding T1) on input lin
e 2082.
LaTeX Encoding Info:    Redeclaring text command \IJ (encoding T1) on input lin
e 2083.
LaTeX Encoding Info:    Ignoring declaration for text command \ij (encoding ?) 
on input line 2084.
LaTeX Encoding Info:    Ignoring declaration for text command \IJ (encoding ?) 
on input line 2086.
LaTeX Encoding Info:    Ignoring declaration for text command \SS (encoding ?) 
on input line 2111.
\U@D=\dimen148
\l@unhyphenated=\language79

("C:/Users/Álvaro Schwiedop/AppData/Local/Programs/MiKTeX/tex/generic/babel/lu
ababel.def"
\bbl@attr@locale=\attribute4
)
Package babel Info: Configuration files are deprecated, as
(babel)             they can break document portability.
(babel)             Reported on input line 4206.

*************************************
* Local config file bblopts.cfg used
*

("C:/Users/Álvaro Schwiedop/AppData/Local/Programs/MiKTeX/tex/latex/arabi/bblo
pts.cfg"
File: bblopts.cfg 2005/09/08 v0.1 add Arabic and Farsi to "declared" options of
 babel
)
("C:/Users/Álvaro Schwiedop/AppData/Local/Programs/MiKTeX/tex/generic/babel/lo
cale/es/babel-spanish.tex")
Package babel Info: Importing font and identification data for spanish
(babel)             from babel-es.ini. Reported on input line 4330.

("C:/Users/Álvaro Schwiedop/AppData/Local/Programs/MiKTeX/tex/latex/babel-span
ish/spanish.ldf"
Language: spanish.ldf 2021/05/27 v5.0q Spanish support from the babel system
\es@quottoks=\toks17
\es@quotdepth=\count282
Package babel Info: Making " an active character on input line 570.
Package babel Info: Making . an active character on input line 675.
Package babel Info: Making < an active character on input line 722.
Package babel Info: Making > an active character on input line 722.

("C:/Users/Álvaro Schwiedop/AppData/Local/Programs/MiKTeX/tex/generic/hyph-utf
8/loadhyph/loadhyph-es.tex" UTF-8 Spanish hyphenation patterns
("C:/Users/Álvaro Schwiedop/AppData/Local/Programs/MiKTeX/tex/generic/hyph-utf
8/patterns/tex/hyph-es.tex"))))
LaTeX Encoding Info:    Redeclaring text command \guillemotleft (encoding OT1) 
on input line 11.
LaTeX Encoding Info:    Redeclaring text command \guillemotright (encoding OT1)
 on input line 11.

("C:/Users/Álvaro Schwiedop/AppData/Local/Programs/MiKTeX/tex/latex/fontspec/f
ontspec.sty"
("C:/Users/Álvaro Schwiedop/AppData/Local/Programs/MiKTeX/tex/latex/l3packages
/xparse/xparse.sty"
("C:/Users/Álvaro Schwiedop/AppData/Local/Programs/MiKTeX/tex/latex/l3kernel/e
xpl3.sty"
Package: expl3 2026-01-19 L3 programming layer (loader) 

("C:/Users/Álvaro Schwiedop/AppData/Local/Programs/MiKTeX/tex/latex/l3backend/
l3backend-luatex.def"
File: l3backend-luatex.def 2025-10-09 L3 backend support: PDF output (LuaTeX)
\l__color_backend_stack_int=\count283
Inserting `l3color' in `luaotfload.parse_color'.))
Package: xparse 2025-10-09 L3 Experimental document command parser
)
Package: fontspec 2025/09/29 v2.9g Font selection for XeLaTeX and LuaLaTeX
Lua module: fontspec 2025/09/29 v2.9g Font selection for XeLaTeX and LuaLaTeX
("C:/Users/Álvaro Schwiedop/AppData/Local/Programs/MiKTeX/tex/latex/fontspec/f
ontspec-luatex.sty"
Package: fontspec-luatex 2025/09/29 v2.9g Font selection for XeLaTeX and LuaLaT
eX
\l__fontspec_script_int=\count284
\l__fontspec_language_int=\count285
\l__fontspec_strnum_int=\count286
\l__fontspec_tmp_int=\count287
\l__fontspec_tmpa_int=\count288
\l__fontspec_tmpb_int=\count289
\l__fontspec_tmpc_int=\count290
\l__fontspec_em_int=\count291
\l__fontspec_emdef_int=\count292
\l__fontspec_strong_int=\count293
\l__fontspec_strongdef_int=\count294
\l__fontspec_tmpa_dim=\dimen149
\l__fontspec_tmpb_dim=\dimen150
\l__fontspec_tmpc_dim=\dimen151

("C:/Users/Álvaro Schwiedop/AppData/Local/Programs/MiKTeX/tex/latex/base/fonte
nc.sty"
Package: fontenc 2025/07/18 v2.1d Standard LaTeX package
)
("C:/Users/Álvaro Schwiedop/AppData/Local/Programs/MiKTeX/tex/latex/fontspec/f
ontspec.cfg")))
luaotfload | cache : Lookup cache loaded from C:/Users/Álvaro Schwiedop/AppData
/Local/MiKTeX/luatex-cache/generic/names/luaotfload-lookup-cache.luc.

Package fontspec Info: 
(fontspec)             Font family 'texgyrepagella(0)' created for font
(fontspec)             'texgyrepagella' with options
(fontspec)             [Ligatures=TeX,Ligatures=TeX,UprightFont =
(fontspec)             *-regular,BoldFont = *-bold,ItalicFont =
(fontspec)             *-italic,BoldItalicFont = *-bolditalic].
(fontspec)              
(fontspec)              This font family consists of the following NFSS
(fontspec)             series/shapes:
(fontspec)              
(fontspec)             - 'normal' (m/n) with NFSS spec.:
(fontspec)             <->"name:texgyrepagella-regular:mode=node;script=latn;la
nguage=dflt;+tlig;"
(fontspec)             - 'small caps'  (m/sc) with NFSS spec.:
(fontspec)             <->"name:texgyrepagella-regular:mode=node;script=latn;la
nguage=dflt;+tlig;+smcp;"
(fontspec)             - 'bold' (b/n) with NFSS spec.:
(fontspec)             <->"name:texgyrepagella-bold:mode=node;script=latn;langu
age=dflt;+tlig;"
(fontspec)             - 'bold small caps'  (b/sc) with NFSS spec.:
(fontspec)             <->"name:texgyrepagella-bold:mode=node;script=latn;langu
age=dflt;+tlig;+smcp;"
(fontspec)             - 'italic' (m/it) with NFSS spec.:
(fontspec)             <->"name:texgyrepagella-italic:mode=node;script=latn;lan
guage=dflt;+tlig;"
(fontspec)             - 'italic small caps'  (m/scit) with NFSS spec.:
(fontspec)             <->"name:texgyrepagella-italic:mode=node;script=latn;lan
guage=dflt;+tlig;+smcp;"
(fontspec)             - 'bold italic' (b/it) with NFSS spec.:
(fontspec)             <->"name:texgyrepagella-bolditalic:mode=node;script=latn
;language=dflt;+tlig;"
(fontspec)             - 'bold italic small caps'  (b/scit) with NFSS spec.:
(fontspec)             <->"name:texgyrepagella-bolditalic:mode=node;script=latn
;language=dflt;+tlig;+smcp;"


("C:/Users/Álvaro Schwiedop/AppData/Local/Programs/MiKTeX/tex/latex/microtype/
microtype.sty"
Package: microtype 2025/07/09 v3.2b Micro-typographical refinements (RS)

("C:/Users/Álvaro Schwiedop/AppData/Local/Programs/MiKTeX/tex/latex/graphics/k
eyval.sty"
Package: keyval 2022/05/29 v1.15 key=value parser (DPC)
\KV@toks@=\toks18
)
("C:/Users/Álvaro Schwiedop/AppData/Local/Programs/MiKTeX/tex/latex/etoolbox/e
toolbox.sty"
Package: etoolbox 2025/10/02 v2.5m e-TeX tools for LaTeX (JAW)
\etb@tempcnta=\count295
)
\MT@toks=\toks19
\MT@tempbox=\box53
\MT@count=\count296
LaTeX Info: Redefining \noprotrusionifhmode on input line 1087.
LaTeX Info: Redefining \leftprotrusion on input line 1088.
\MT@prot@toks=\toks20
LaTeX Info: Redefining \rightprotrusion on input line 1107.
LaTeX Info: Redefining \textls on input line 1449.
\MT@outer@kern=\dimen152
LaTeX Info: Redefining \microtypecontext on input line 2053.
LaTeX Info: Redefining \textmicrotypecontext on input line 2070.
\MT@listname@count=\count297

("C:/Users/Álvaro Schwiedop/AppData/Local/Programs/MiKTeX/tex/latex/microtype/
microtype-luatex.def"
File: microtype-luatex.def 2025/07/09 v3.2b Definitions specific to luatex (RS)

Lua module: microtype 2025/07/09 v3.2b microtype module.
Module microtype Info: overwriting function `keepligature' on input line 63
LaTeX Info: Redefining \lsstyle on input line 779.
LaTeX Info: Redefining \lslig on input line 779.
\MT@outer@space=\skip51
)
Package microtype Info: Loading configuration file microtype.cfg.

("C:/Users/Álvaro Schwiedop/AppData/Local/Programs/MiKTeX/tex/latex/microtype/
microtype.cfg"
File: microtype.cfg 2025/07/09 v3.2b microtype main configuration file (RS)
)
LaTeX Info: Redefining \microtypesetup on input line 3065.
)
("C:/Users/Álvaro Schwiedop/AppData/Local/Programs/MiKTeX/tex/latex/amsmath/am
smath.sty"
Package: amsmath 2025/07/09 v2.17z AMS math features
\@mathmargin=\skip52

For additional information on amsmath, use the `?' option.

("C:/Users/Álvaro Schwiedop/AppData/Local/Programs/MiKTeX/tex/latex/amsmath/am
stext.sty"
Package: amstext 2024/11/17 v2.01 AMS text

("C:/Users/Álvaro Schwiedop/AppData/Local/Programs/MiKTeX/tex/latex/amsmath/am
sgen.sty"
File: amsgen.sty 1999/11/30 v2.0 generic functions
\@emptytoks=\toks21
\ex@=\dimen153
))
("C:/Users/Álvaro Schwiedop/AppData/Local/Programs/MiKTeX/tex/latex/amsmath/am
sbsy.sty"
Package: amsbsy 1999/11/29 v1.2d Bold Symbols
\pmbraise@=\dimen154
)
("C:/Users/Álvaro Schwiedop/AppData/Local/Programs/MiKTeX/tex/latex/amsmath/am
sopn.sty"
Package: amsopn 2022/04/08 v2.04 operator names
)
\inf@bad=\count298
LaTeX Info: Redefining \frac on input line 235.
\uproot@=\count299
\leftroot@=\count300
LaTeX Info: Redefining \overline on input line 398.
LaTeX Info: Redefining \colon on input line 409.
\classnum@=\count301
\DOTSCASE@=\count302
LaTeX Info: Redefining \ldots on input line 495.
LaTeX Info: Redefining \dots on input line 498.
LaTeX Info: Redefining \cdots on input line 619.
\Mathstrutbox@=\box54
\strutbox@=\box55
LaTeX Info: Redefining \big on input line 721.
LaTeX Info: Redefining \Big on input line 722.
LaTeX Info: Redefining \bigg on input line 723.
LaTeX Info: Redefining \Bigg on input line 724.
\big@size=\dimen155
LaTeX Font Info:    Redeclaring font encoding OML on input line 742.
LaTeX Font Info:    Redeclaring font encoding OMS on input line 743.
\macc@depth=\count303
LaTeX Info: Redefining \bmod on input line 904.
LaTeX Info: Redefining \pmod on input line 909.
LaTeX Info: Redefining \smash on input line 939.
LaTeX Info: Redefining \relbar on input line 969.
LaTeX Info: Redefining \Relbar on input line 970.
\c@MaxMatrixCols=\count304
\dotsspace@=\muskip17
\c@parentequation=\count305
\dspbrk@lvl=\count306
\tag@help=\toks22
\row@=\count307
\column@=\count308
\maxfields@=\count309
\andhelp@=\toks23
\eqnshift@=\dimen156
\alignsep@=\dimen157
\tagshift@=\dimen158
\tagwidth@=\dimen159
\totwidth@=\dimen160
\lineht@=\dimen161
\@envbody=\toks24
\multlinegap=\skip53
\multlinetaggap=\skip54
\mathdisplay@stack=\toks25
LaTeX Info: Redefining \[ on input line 2950.
LaTeX Info: Redefining \] on input line 2951.
)
("C:/Users/Álvaro Schwiedop/AppData/Local/Programs/MiKTeX/tex/latex/amsfonts/a
mssymb.sty"
Package: amssymb 2013/01/14 v3.01 AMS font symbols

("C:/Users/Álvaro Schwiedop/AppData/Local/Programs/MiKTeX/tex/latex/amsfonts/a
msfonts.sty"
Package: amsfonts 2013/01/14 v3.01 Basic AMSFonts support
\symAMSa=\mathgroup4
\symAMSb=\mathgroup5
LaTeX Font Info:    Redeclaring math symbol \hbar on input line 98.
LaTeX Font Info:    Overwriting math alphabet `\mathfrak' in version `bold'
(Font)                  U/euf/m/n --> U/euf/b/n on input line 106.
))
("C:/Users/Álvaro Schwiedop/AppData/Local/Programs/MiKTeX/tex/latex/geometry/g
eometry.sty"
Package: geometry 2020/01/02 v5.9 Page Geometry

("C:/Users/Álvaro Schwiedop/AppData/Local/Programs/MiKTeX/tex/generic/iftex/if
vtex.sty"
Package: ifvtex 2019/10/25 v1.7 ifvtex legacy package. Use iftex instead.

("C:/Users/Álvaro Schwiedop/AppData/Local/Programs/MiKTeX/tex/generic/iftex/if
tex.sty"
Package: iftex 2024/12/12 v1.0g TeX engine tests
))
\Gm@cnth=\count310
\Gm@cntv=\count311
\c@Gm@tempcnt=\count312
\Gm@bindingoffset=\dimen162
\Gm@wd@mp=\dimen163
\Gm@odd@mp=\dimen164
\Gm@even@mp=\dimen165
\Gm@layoutwidth=\dimen166
\Gm@layoutheight=\dimen167
\Gm@layouthoffset=\dimen168
\Gm@layoutvoffset=\dimen169
\Gm@dimlist=\toks26

("C:/Users/Álvaro Schwiedop/AppData/Local/Programs/MiKTeX/tex/latex/geometry/g
eometry.cfg"))
("C:/Users/Álvaro Schwiedop/AppData/Local/Programs/MiKTeX/tex/latex/graphics/g
raphicx.sty"
Package: graphicx 2024/12/31 v1.2e Enhanced LaTeX Graphics (DPC,SPQR)

("C:/Users/Álvaro Schwiedop/AppData/Local/Programs/MiKTeX/tex/latex/graphics/g
raphics.sty"
Package: graphics 2024/08/06 v1.4g Standard LaTeX Graphics (DPC,SPQR)

("C:/Users/Álvaro Schwiedop/AppData/Local/Programs/MiKTeX/tex/latex/graphics/t
rig.sty"
Package: trig 2023/12/02 v1.11 sin cos tan (DPC)
)
("C:/Users/Álvaro Schwiedop/AppData/Local/Programs/MiKTeX/tex/latex/graphics-c
fg/graphics.cfg"
File: graphics.cfg 2016/06/04 v1.11 sample graphics configuration
)
Package graphics Info: Driver file: luatex.def on input line 106.

("C:/Users/Álvaro Schwiedop/AppData/Local/Programs/MiKTeX/tex/latex/graphics-d
ef/luatex.def"
File: luatex.def 2025/09/29 v1.2f Graphics/color driver for luatex
))
\Gin@req@height=\dimen170
\Gin@req@width=\dimen171
)
("C:/Users/Álvaro Schwiedop/AppData/Local/Programs/MiKTeX/tex/latex/booktabs/b
ooktabs.sty"
Package: booktabs 2020/01/12 v1.61803398 Publication quality tables
\heavyrulewidth=\dimen172
\lightrulewidth=\dimen173
\cmidrulewidth=\dimen174
\belowrulesep=\dimen175
\belowbottomsep=\dimen176
\aboverulesep=\dimen177
\abovetopsep=\dimen178
\cmidrulesep=\dimen179
\cmidrulekern=\dimen180
\defaultaddspace=\dimen181
\@cmidla=\count313
\@cmidlb=\count314
\@aboverulesep=\dimen182
\@belowrulesep=\dimen183
\@thisruleclass=\count315
\@lastruleclass=\count316
\@thisrulewidth=\dimen184
)
("C:/Users/Álvaro Schwiedop/AppData/Local/Programs/MiKTeX/tex/latex/caption/ca
ption.sty"
Package: caption 2023/08/05 v3.6o Customizing captions (AR)

("C:/Users/Álvaro Schwiedop/AppData/Local/Programs/MiKTeX/tex/latex/caption/ca
ption3.sty"
Package: caption3 2023/07/31 v2.4d caption3 kernel (AR)
\caption@tempdima=\dimen185
\captionmargin=\dimen186
\caption@leftmargin=\dimen187
\caption@rightmargin=\dimen188
\caption@width=\dimen189
\caption@indent=\dimen190
\caption@parindent=\dimen191
\caption@hangindent=\dimen192
Package caption Info: Standard document class detected.
)
\c@caption@flags=\count317
\c@continuedfloat=\count318
)
("C:/Users/Álvaro Schwiedop/AppData/Local/Programs/MiKTeX/tex/latex/float/floa
t.sty"
Package: float 2001/11/08 v1.3d Float enhancements (AL)
\c@float@type=\count319
\float@exts=\toks27
\float@box=\box56
\@float@everytoks=\toks28
\@floatcapt=\box57
)
("C:/Users/Álvaro Schwiedop/AppData/Local/Programs/MiKTeX/tex/latex/enumitem/e
numitem.sty"
Package: enumitem 2025/02/06 v3.11 Customized lists
\labelindent=\skip55
\enit@outerparindent=\dimen193
\enit@toks=\toks29
\enit@inbox=\box58
\enit@count@id=\count320
\enitdp@description=\count321
)
("C:/Users/Álvaro Schwiedop/AppData/Local/Programs/MiKTeX/tex/latex/listings/l
istings.sty"
\lst@mode=\count322
\lst@gtempboxa=\box59
\lst@token=\toks30
\lst@length=\count323
\lst@currlwidth=\dimen194
\lst@column=\count324
\lst@pos=\count325
\lst@lostspace=\dimen195
\lst@width=\dimen196
\lst@newlines=\count326
\lst@lineno=\count327
\lst@maxwidth=\dimen197

("C:/Users/Álvaro Schwiedop/AppData/Local/Programs/MiKTeX/tex/latex/listings/l
stpatch.sty"
File: lstpatch.sty 2025/11/14 1.11b (Carsten Heinz)
)
("C:/Users/Álvaro Schwiedop/AppData/Local/Programs/MiKTeX/tex/latex/listings/l
stmisc.sty"
File: lstmisc.sty 2025/11/14 1.11b (Carsten Heinz)
\c@lstnumber=\count328
\lst@skipnumbers=\count329
\lst@framebox=\box60
)
("C:/Users/Álvaro Schwiedop/AppData/Local/Programs/MiKTeX/tex/latex/listings/l
istings.cfg"
File: listings.cfg 2025/11/14 1.11b listings configuration
))
Package: listings 2025/11/14 1.11b (Carsten Heinz)

==> First Aid for listings.sty no longer applied!
    Expected:
        2024/09/23 1.10c (Carsten Heinz)
    but found:
        2025/11/14 1.11b (Carsten Heinz)
    so I'm assuming it got fixed.

("C:/Users/Álvaro Schwiedop/AppData/Local/Programs/MiKTeX/tex/latex/xcolor/xco
lor.sty"
Package: xcolor 2024/09/29 v3.02 LaTeX color extensions (UK)

("C:/Users/Álvaro Schwiedop/AppData/Local/Programs/MiKTeX/tex/latex/graphics-c
fg/color.cfg"
File: color.cfg 2016/01/02 v1.6 sample color configuration
)
Package xcolor Info: Driver file: luatex.def on input line 274.

("C:/Users/Álvaro Schwiedop/AppData/Local/Programs/MiKTeX/tex/latex/graphics/m
athcolor.ltx")
Package xcolor Info: Model `cmy' substituted by `cmy0' on input line 1349.
Package xcolor Info: Model `hsb' substituted by `rgb' on input line 1353.
Package xcolor Info: Model `RGB' extended on input line 1365.
Package xcolor Info: Model `HTML' substituted by `rgb' on input line 1367.
Package xcolor Info: Model `Hsb' substituted by `hsb' on input line 1368.
Package xcolor Info: Model `tHsb' substituted by `hsb' on input line 1369.
Package xcolor Info: Model `HSB' substituted by `hsb' on input line 1370.
Package xcolor Info: Model `Gray' substituted by `gray' on input line 1371.
Package xcolor Info: Model `wave' substituted by `hsb' on input line 1372.
)
("C:/Users/Álvaro Schwiedop/AppData/Local/Programs/MiKTeX/tex/latex/listings/l
stlang1.sty"
File: lstlang1.sty 2025/11/14 1.11b listings language file
)
("C:/Users/Álvaro Schwiedop/AppData/Local/Programs/MiKTeX/tex/latex/listings/l
stmisc.sty"
File: lstmisc.sty 2025/11/14 1.11b (Carsten Heinz)
)
("C:/Users/Álvaro Schwiedop/AppData/Local/Programs/MiKTeX/tex/latex/abstract/a
bstract.sty"
Package: abstract 2009/06/08 v1.2a configurable abstracts
\abstitleskip=\skip56
\absleftindent=\skip57
\absrightindent=\skip58
\absparindent=\skip59
\absparsep=\skip60
)
("C:/Users/Álvaro Schwiedop/AppData/Local/Programs/MiKTeX/tex/latex/titlesec/t
itlesec.sty"
Package: titlesec 2025/01/04 v2.17 Sectioning titles
\ttl@box=\box61
\beforetitleunit=\skip61
\aftertitleunit=\skip62
\ttl@plus=\dimen198
\ttl@minus=\dimen199
\ttl@toksa=\toks31
\titlewidth=\dimen256
\titlewidthlast=\dimen257
\titlewidthfirst=\dimen258
)
("C:/Users/Álvaro Schwiedop/AppData/Local/Programs/MiKTeX/tex/latex/fancyhdr/f
ancyhdr.sty"
Package: fancyhdr 2025/02/07 v5.2 Extensive control of page headers and footers

\f@nch@headwidth=\skip63
\f@nch@offset@elh=\skip64
\f@nch@offset@erh=\skip65
\f@nch@offset@olh=\skip66
\f@nch@offset@orh=\skip67
\f@nch@offset@elf=\skip68
\f@nch@offset@erf=\skip69
\f@nch@offset@olf=\skip70
\f@nch@offset@orf=\skip71
\f@nch@height=\skip72
\f@nch@footalignment=\skip73
\f@nch@widthL=\skip74
\f@nch@widthC=\skip75
\f@nch@widthR=\skip76
\@temptokenb=\toks32
)
("C:/Users/Álvaro Schwiedop/AppData/Local/Programs/MiKTeX/tex/latex/hyperref/h
yperref.sty"
Package: hyperref 2026-01-29 v7.01p Hypertext links for LaTeX

("C:/Users/Álvaro Schwiedop/AppData/Local/Programs/MiKTeX/tex/latex/kvsetkeys/
kvsetkeys.sty"
Package: kvsetkeys 2022-10-05 v1.19 Key value parser (HO)
)
("C:/Users/Álvaro Schwiedop/AppData/Local/Programs/MiKTeX/tex/generic/kvdefine
keys/kvdefinekeys.sty"
Package: kvdefinekeys 2019-12-19 v1.6 Define keys (HO)
)
("C:/Users/Álvaro Schwiedop/AppData/Local/Programs/MiKTeX/tex/generic/pdfescap
e/pdfescape.sty"
Package: pdfescape 2019/12/09 v1.15 Implements pdfTeX's escape features (HO)

("C:/Users/Álvaro Schwiedop/AppData/Local/Programs/MiKTeX/tex/generic/ltxcmds/
ltxcmds.sty"
Package: ltxcmds 2023-12-04 v1.26 LaTeX kernel commands for general use (HO)
)
("C:/Users/Álvaro Schwiedop/AppData/Local/Programs/MiKTeX/tex/generic/pdftexcm
ds/pdftexcmds.sty"
Package: pdftexcmds 2020-06-27 v0.33 Utility functions of pdfTeX for LuaTeX (HO
)

("C:/Users/Álvaro Schwiedop/AppData/Local/Programs/MiKTeX/tex/generic/infwarer
r/infwarerr.sty"
Package: infwarerr 2019/12/03 v1.5 Providing info/warning/error messages (HO)
)
Package pdftexcmds Info: \pdf@primitive is available.
Package pdftexcmds Info: \pdf@ifprimitive is available.
Package pdftexcmds Info: \pdfdraftmode found.
\pdftexcmds@toks=\toks33
))
("C:/Users/Álvaro Schwiedop/AppData/Local/Programs/MiKTeX/tex/latex/hycolor/hy
color.sty"
Package: hycolor 2020-01-27 v1.10 Color options for hyperref/bookmark (HO)
)
("C:/Users/Álvaro Schwiedop/AppData/Local/Programs/MiKTeX/tex/latex/hyperref/n
ameref.sty"
Package: nameref 2026-01-29 v2.58 Cross-referencing by name of section

("C:/Users/Álvaro Schwiedop/AppData/Local/Programs/MiKTeX/tex/latex/refcount/r
efcount.sty"
Package: refcount 2019/12/15 v3.6 Data extraction from label references (HO)
)
("C:/Users/Álvaro Schwiedop/AppData/Local/Programs/MiKTeX/tex/generic/gettitle
string/gettitlestring.sty"
Package: gettitlestring 2019/12/15 v1.6 Cleanup title references (HO)

("C:/Users/Álvaro Schwiedop/AppData/Local/Programs/MiKTeX/tex/latex/kvoptions/
kvoptions.sty"
Package: kvoptions 2022-06-15 v3.15 Key value format for package options (HO)
))
\c@section@level=\count330
)
("C:/Users/Álvaro Schwiedop/AppData/Local/Programs/MiKTeX/tex/generic/stringen
c/stringenc.sty"
Package: stringenc 2019/11/29 v1.12 Convert strings between diff. encodings (HO
)
)
\@linkdim=\dimen259
\Hy@linkcounter=\count331
\Hy@pagecounter=\count332

("C:/Users/Álvaro Schwiedop/AppData/Local/Programs/MiKTeX/tex/latex/hyperref/p
d1enc.def"
File: pd1enc.def 2026-01-29 v7.01p Hyperref: PDFDocEncoding definition (HO)
)
("C:/Users/Álvaro Schwiedop/AppData/Local/Programs/MiKTeX/tex/generic/intcalc/
intcalc.sty"
Package: intcalc 2019/12/15 v1.3 Expandable calculations with integers (HO)
)
\Hy@SavedSpaceFactor=\count333

("C:/Users/Álvaro Schwiedop/AppData/Local/Programs/MiKTeX/tex/latex/hyperref/p
uenc.def"
File: puenc.def 2026-01-29 v7.01p Hyperref: PDF Unicode definition (HO)
)
Package hyperref Info: Hyper figures OFF on input line 4201.
Package hyperref Info: Link nesting OFF on input line 4206.
Package hyperref Info: Hyper index ON on input line 4209.
Package hyperref Info: Plain pages OFF on input line 4216.
Package hyperref Info: Backreferencing OFF on input line 4221.
Package hyperref Info: Implicit mode ON; LaTeX internals redefined.
Package hyperref Info: Bookmarks ON on input line 4468.
\c@Hy@tempcnt=\count334

("C:/Users/Álvaro Schwiedop/AppData/Local/Programs/MiKTeX/tex/latex/url/url.st
y"
\Urlmuskip=\muskip18
Package: url 2013/09/16  ver 3.4  Verb mode for urls, etc.
)
LaTeX Info: Redefining \url on input line 4807.
\XeTeXLinkMargin=\dimen260

("C:/Users/Álvaro Schwiedop/AppData/Local/Programs/MiKTeX/tex/generic/bitset/b
itset.sty"
Package: bitset 2019/12/09 v1.3 Handle bit-vector datatype (HO)

("C:/Users/Álvaro Schwiedop/AppData/Local/Programs/MiKTeX/tex/generic/bigintca
lc/bigintcalc.sty"
Package: bigintcalc 2019/12/15 v1.5 Expandable calculations on big integers (HO
)
))
\Fld@menulength=\count335
\Field@Width=\dimen261
\Fld@charsize=\dimen262
Package hyperref Info: Hyper figures OFF on input line 6084.
Package hyperref Info: Link nesting OFF on input line 6089.
Package hyperref Info: Hyper index ON on input line 6092.
Package hyperref Info: backreferencing OFF on input line 6099.
Package hyperref Info: Link coloring OFF on input line 6104.
Package hyperref Info: Link coloring with OCG OFF on input line 6109.
Package hyperref Info: PDF/A mode OFF on input line 6114.
\Hy@abspage=\count336
\c@Item=\count337
\c@Hfootnote=\count338
)
Package hyperref Info: Driver (autodetected): hluatex.

("C:/Users/Álvaro Schwiedop/AppData/Local/Programs/MiKTeX/tex/latex/hyperref/h
luatex.def"
File: hluatex.def 2026-01-29 v7.01p Hyperref driver for luaTeX
\Fld@listcount=\count339
\c@bookmark@seq@number=\count340

("C:/Users/Álvaro Schwiedop/AppData/Local/Programs/MiKTeX/tex/latex/rerunfilec
heck/rerunfilecheck.sty"
Package: rerunfilecheck 2025-06-21 v1.11 Rerun checks for auxiliary files (HO)

("C:/Users/Álvaro Schwiedop/AppData/Local/Programs/MiKTeX/tex/generic/uniqueco
unter/uniquecounter.sty"
Package: uniquecounter 2019/12/15 v1.4 Provide unlimited unique counter (HO)
)
Package uniquecounter Info: New unique counter `rerunfilecheck' on input line 2
84.
)
\Hy@SectionHShift=\skip77
)
Package hyperref Info: Option `colorlinks' set `true' on input line 89.

("C:/Users/Álvaro Schwiedop/AppData/Local/Programs/MiKTeX/tex/latex/titling/ti
tling.sty"
Package: titling 2009/09/04 v2.1d maketitle typesetting
\thanksmarkwidth=\skip78
\thanksmargin=\skip79
\droptitle=\skip80
) (./Memoria.aux
LaTeX Info: Redefining \. on input line 12.
LaTeX Info: Redefining \% on input line 12.
Package babel Info: 'spanish' activates 'spanish' shorthands.
(babel)             Reported on input line 12.
)
\openout1 = Memoria.aux

LaTeX Font Info:    Checking defaults for OML/cmm/m/it on input line 133.
LaTeX Font Info:    ... okay on input line 133.
LaTeX Font Info:    Checking defaults for OMS/cmsy/m/n on input line 133.
LaTeX Font Info:    ... okay on input line 133.
LaTeX Font Info:    Checking defaults for OT1/cmr/m/n on input line 133.
LaTeX Font Info:    ... okay on input line 133.
LaTeX Font Info:    Checking defaults for T1/cmr/m/n on input line 133.
LaTeX Font Info:    ... okay on input line 133.
LaTeX Font Info:    Checking defaults for TS1/cmr/m/n on input line 133.
LaTeX Font Info:    ... okay on input line 133.
LaTeX Font Info:    Checking defaults for TU/lmr/m/n on input line 133.
LaTeX Font Info:    ... okay on input line 133.
LaTeX Font Info:    Checking defaults for OMX/cmex/m/n on input line 133.
LaTeX Font Info:    ... okay on input line 133.
LaTeX Font Info:    Checking defaults for U/cmr/m/n on input line 133.
LaTeX Font Info:    ... okay on input line 133.
LaTeX Font Info:    Checking defaults for PD1/pdf/m/n on input line 133.
LaTeX Font Info:    ... okay on input line 133.
LaTeX Font Info:    Checking defaults for PU/pdf/m/n on input line 133.
LaTeX Font Info:    ... okay on input line 133.
LaTeX Info: Redefining \. on input line 133.
LaTeX Info: Redefining \% on input line 133.

Package fontspec Info: 
(fontspec)             Adjusting the maths setup (use [no-math] to avoid
(fontspec)             this).

\symlegacymaths=\mathgroup6
LaTeX Font Info:    Overwriting symbol font `legacymaths' in version `bold'
(Font)                  OT1/cmr/m/n --> OT1/cmr/bx/n on input line 133.
LaTeX Font Info:    Redeclaring math accent \acute on input line 133.
LaTeX Font Info:    Redeclaring math accent \grave on input line 133.
LaTeX Font Info:    Redeclaring math accent \ddot on input line 133.
LaTeX Font Info:    Redeclaring math accent \tilde on input line 133.
LaTeX Font Info:    Redeclaring math accent \bar on input line 133.
LaTeX Font Info:    Redeclaring math accent \breve on input line 133.
LaTeX Font Info:    Redeclaring math accent \check on input line 133.
LaTeX Font Info:    Redeclaring math accent \hat on input line 133.
LaTeX Font Info:    Redeclaring math accent \dot on input line 133.
LaTeX Font Info:    Redeclaring math accent \mathring on input line 133.
LaTeX Font Info:    Redeclaring math symbol \Gamma on input line 133.
LaTeX Font Info:    Redeclaring math symbol \Delta on input line 133.
LaTeX Font Info:    Redeclaring math symbol \Theta on input line 133.
LaTeX Font Info:    Redeclaring math symbol \Lambda on input line 133.
LaTeX Font Info:    Redeclaring math symbol \Xi on input line 133.
LaTeX Font Info:    Redeclaring math symbol \Pi on input line 133.
LaTeX Font Info:    Redeclaring math symbol \Sigma on input line 133.
LaTeX Font Info:    Redeclaring math symbol \Upsilon on input line 133.
LaTeX Font Info:    Redeclaring math symbol \Phi on input line 133.
LaTeX Font Info:    Redeclaring math symbol \Psi on input line 133.
LaTeX Font Info:    Redeclaring math symbol \Omega on input line 133.
LaTeX Font Info:    Redeclaring math symbol \mathdollar on input line 133.
LaTeX Font Info:    Redeclaring symbol font `operators' on input line 133.
LaTeX Font Info:    Encoding `OT1' has changed to `TU' for symbol font
(Font)              `operators' in the math version `normal' on input line 133.

LaTeX Font Info:    Overwriting symbol font `operators' in version `normal'
(Font)                  OT1/cmr/m/n --> TU/texgyrepagella(0)/m/n on input line 
133.
LaTeX Font Info:    Encoding `OT1' has changed to `TU' for symbol font
(Font)              `operators' in the math version `bold' on input line 133.
LaTeX Font Info:    Overwriting symbol font `operators' in version `bold'
(Font)                  OT1/cmr/bx/n --> TU/texgyrepagella(0)/m/n on input line
 133.
LaTeX Font Info:    Overwriting symbol font `operators' in version `normal'
(Font)                  TU/texgyrepagella(0)/m/n --> TU/texgyrepagella(0)/m/n o
n input line 133.
LaTeX Font Info:    Overwriting math alphabet `\mathit' in version `normal'
(Font)                  OT1/cmr/m/it --> TU/texgyrepagella(0)/m/it on input lin
e 133.
LaTeX Font Info:    Overwriting math alphabet `\mathbf' in version `normal'
(Font)                  OT1/cmr/bx/n --> TU/texgyrepagella(0)/b/n on input line
 133.
LaTeX Font Info:    Overwriting math alphabet `\mathsf' in version `normal'
(Font)                  OT1/cmss/m/n --> TU/lmss/m/n on input line 133.
LaTeX Font Info:    Overwriting math alphabet `\mathtt' in version `normal'
(Font)                  OT1/cmtt/m/n --> TU/lmtt/m/n on input line 133.
LaTeX Font Info:    Overwriting symbol font `operators' in version `bold'
(Font)                  TU/texgyrepagella(0)/m/n --> TU/texgyrepagella(0)/b/n o
n input line 133.
LaTeX Font Info:    Overwriting math alphabet `\mathit' in version `bold'
(Font)                  OT1/cmr/bx/it --> TU/texgyrepagella(0)/b/it on input li
ne 133.
LaTeX Font Info:    Overwriting math alphabet `\mathsf' in version `bold'
(Font)                  OT1/cmss/bx/n --> TU/lmss/b/n on input line 133.
LaTeX Font Info:    Overwriting math alphabet `\mathtt' in version `bold'
(Font)                  OT1/cmtt/m/n --> TU/lmtt/b/n on input line 133.
LaTeX Info: Redefining \microtypecontext on input line 133.
Package microtype Info: Applying patch `item' on input line 133.
Package microtype Info: Applying patch `toc' on input line 133.
Package microtype Info: Applying patch `eqnum' on input line 133.


Package microtype Warning: Unable to apply patch `footnote' on input line 133.

Package microtype Info: Applying patch `verbatim' on input line 133.
LaTeX Info: Redefining \microtypesetup on input line 133.
Package microtype Info: Generating PDF output.
Package microtype Info: Character protrusion enabled (level 2).
Package microtype Info: Using default protrusion set `alltext'.
Package microtype Info: Automatic font expansion enabled (level 2),
(microtype)             stretch: 20, shrink: 20, step: 1, non-selected.
Package microtype Info: Using default expansion set `alltext-nott'.
Package microtype Info: Patching command `\showhyphens'.
Package microtype Info: No adjustment of tracking.
Package microtype Info: No adjustment of spacing.
Package microtype Info: No adjustment of kerning.
Package microtype Info: Loading generic protrusion settings for font family
(microtype)             `texgyrepagella' (encoding: TU).
(microtype)             For optimal results, create family-specific settings.
(microtype)             See the microtype manual for details.
*geometry* driver: auto-detecting
*geometry* detected driver: luatex
*geometry* verbose mode - [ preamble ] result:
* driver: luatex
* paper: a4paper
* layout: <same size as paper>
* layoutoffset:(h,v)=(0.0pt,0.0pt)
* hratio: 1:1
* modes: 
* h-part:(L,W,R)=(51.21495pt, 495.07797pt, 51.21495pt)
* v-part:(T,H,B)=(79.66771pt, 702.78308pt, 62.59605pt)
* \paperwidth=597.50787pt
* \paperheight=845.04684pt
* \textwidth=495.07797pt
* \textheight=702.78308pt
* \oddsidemargin=-21.05504pt
* \evensidemargin=-21.05504pt
* \topmargin=-29.60228pt
* \headheight=12.0pt
* \headsep=25.0pt
* \topskip=10.0pt
* \footskip=30.0pt
* \marginparwidth=4.0pt
* \marginparsep=10.0pt
* \columnsep=18.0pt
* \skip\footins=9.0pt plus 4.0pt minus 2.0pt
* \hoffset=0.0pt
* \voffset=0.0pt
* \mag=1000
* \@twocolumntrue
* \@twosidefalse
* \@mparswitchfalse
* \@reversemarginfalse
* (1in=72.27pt=25.4mm, 1cm=28.453pt)


("C:/Users/Álvaro Schwiedop/AppData/Local/Programs/MiKTeX/tex/context/base/mki
i/supp-pdf.mkii"
[Loading MPS to PDF converter (version 2006.09.02).]
\scratchcounter=\count341
\scratchdimen=\dimen263
\scratchbox=\box62
\nofMPsegments=\count342
\nofMParguments=\count343
\everyMPshowfont=\toks34
\MPscratchCnt=\count344
\MPscratchDim=\dimen264
\MPnumerator=\count345
\makeMPintoPDFobject=\count346
\everyMPtoPDFconversion=\toks35
)
("C:/Users/Álvaro Schwiedop/AppData/Local/Programs/MiKTeX/tex/latex/epstopdf-p
kg/epstopdf-base.sty"
Package: epstopdf-base 2020-01-24 v2.11 Base part for package epstopdf
Package epstopdf-base Info: Redefining graphics rule for `.eps' on input line 4
85.

("C:/Users/Álvaro Schwiedop/AppData/Local/Programs/MiKTeX/tex/latex/00miktex/e
pstopdf-sys.cfg"
File: epstopdf-sys.cfg 2021/03/18 v2.0 Configuration of epstopdf for MiKTeX
))
Package caption Info: Begin \AtBeginDocument code.
Package caption Info: float package is loaded.
Package caption Info: hyperref package is loaded.
Package caption Info: listings package is loaded.
Package caption Info: End \AtBeginDocument code.
\c@lstlisting=\count347
Package hyperref Info: Link coloring ON on input line 133.
 (./Memoria.out) (./Memoria.out)
\@outlinefile=\write3

\openout3 = Memoria.out
LaTeX Font Info:    Trying to load font information for U+msa on input line 134
.

("C:/Users/Álvaro Schwiedop/AppData/Local/Programs/MiKTeX/tex/latex/amsfonts/u
msa.fd"
File: umsa.fd 2013/01/14 v3.01 AMS symbols A
)
("C:/Users/Álvaro Schwiedop/AppData/Local/Programs/MiKTeX/tex/latex/microtype/
mt-msa.cfg"
File: mt-msa.cfg 2006/02/04 v1.1 microtype config. file: AMS symbols (a) (RS)
)
LaTeX Font Info:    Trying to load font information for U+msb on input line 134
.

("C:/Users/Álvaro Schwiedop/AppData/Local/Programs/MiKTeX/tex/latex/amsfonts/u
msb.fd"
File: umsb.fd 2013/01/14 v3.01 AMS symbols B
)
("C:/Users/Álvaro Schwiedop/AppData/Local/Programs/MiKTeX/tex/latex/microtype/
mt-msb.cfg"
File: mt-msb.cfg 2005/06/01 v1.0 microtype config. file: AMS symbols (b) (RS)
)
("C:/Users/Álvaro Schwiedop/AppData/Local/Programs/MiKTeX/tex/latex/microtype/
mt-cmr.cfg"
File: mt-cmr.cfg 2013/05/19 v2.2 microtype config. file: Computer Modern Roman 
(RS)
)
Package microtype Info: Loading generic protrusion settings for font family
(microtype)             `lmtt' (encoding: TU).
(microtype)             For optimal results, create family-specific settings.
(microtype)             See the microtype manual for details.

Underfull \vbox (badness 10000) has occurred while \output is active []

LaTeX Font Info:    Font shape `TU/lmtt/bx/n' in size <7> not available
(Font)              Font shape `TU/lmtt/b/n' tried instead on input line 192.
 [1{C:/Users/Álvaro Schwiedop/AppData/Local/MiKTeX/fonts/map/pdftex/pdftex.map}


]
Underfull \hbox (badness 10000) in paragraph at lines 245--249
[]\TU/texgyrepagella(0)/m/n/10 Se em-plea \TU/lmtt/m/n/10 __m256d \TU/texgyrepa
gella(0)/m/n/10 (4 \TU/lmtt/m/n/10 double\TU/texgyrepagella(0)/m/n/10 /registro)
 con
 []


Underfull \hbox (badness 10000) in paragraph at lines 269--274
[]\TU/texgyrepagella(0)/m/n/10 Pa-rá-me-tros fi-jos: $[][]\OT1/cmr/m/n/10 10[]
$\TU/texgyrepagella(0)/m/n/10 , $[][]\OT1/cmr/m/n/10 15000$\TU/texgyrepagella(0
)/m/n/10 ,
 []


Underfull \hbox (badness 1394) in paragraph at lines 269--274
\TU/texgyrepagella(0)/m/n/10 la su-ma de fi-la al ele-men-to dia-go-nal. Ni-ve-l
es de
 []


Underfull \vbox (badness 10000) has occurred while \output is active []


! Argument of \language@active@arg< has an extra }.
<inserted text> 
                \par 
l.316 ...zar el rendimiento para $n{=}3200$ ($s{<}
                                                  1$).  Esta observación re...
? 
Runaway argument?
! Paragraph ended before \language@active@arg< was complete.
<to be read again> 
                   \par 
l.316 ...zar el rendimiento para $n{=}3200$ ($s{<}
                                                  1$).  Esta observación re...
? 
! Missing $ inserted.
<inserted text> 
                $
l.316 ...zar el rendimiento para $n{=}3200$ ($s{<}
                                                  1$).  Esta observación re...
? 
! Missing } inserted.
<inserted text> 
                }
l.316 ...zar el rendimiento para $n{=}3200$ ($s{<}
                                                  1$).  Esta observación re...
? 4
<recently read> }
                 
l.316 ...zar el rendimiento para $n{=}3200$ ($s{<}
                                                  1$).  Esta observación re...
? 
! Missing } inserted.
<inserted text> 
                }
l.316 ...r el rendimiento para $n{=}3200$ ($s{<}1$
                                                  ).  Esta observación refu...
? 
<graficas/g1_speedup_v2_vs_v1_O0.png, id=105, 433.62pt x 289.08pt>
File: graficas/g1_speedup_v2_vs_v1_O0.png Graphic file (type png)
<use graficas/g1_speedup_v2_vs_v1_O0.png>
Package luatex.def Info: graficas/g1_speedup_v2_vs_v1_O0.png  used on input lin
e 324.
(luatex.def)             Requested size: 238.53899pt x 159.02536pt.
LaTeX Font Info:    Font shape `TU/lmtt/bx/n' in size <10> not available
(Font)              Font shape `TU/lmtt/b/n' tried instead on input line 336.
[2<./graficas/g1_speedup_v2_vs_v1_O0.png>]
<graficas/g2_speedup_vs_v1O3.png, id=138, 578.16pt x 325.215pt>
File: graficas/g2_speedup_vs_v1O3.png Graphic file (type png)
<use graficas/g2_speedup_vs_v1O3.png>
Package luatex.def Info: graficas/g2_speedup_vs_v1O3.png  used on input line 35
4.
(luatex.def)             Requested size: 238.53899pt x 134.17764pt.

Underfull \hbox (badness 3657) in paragraph at lines 373--378
[]\TU/texgyrepagella(0)/m/n/10 La ver-sión OpenMP con 32 hi-los lo-gra $\OT1/c
mr/m/n/10 15[]0\OMS/cmsy/m/n/10 $
 []

<graficas/g3_speedup_v3_v4_vs_v2O3.png, id=140, 505.89pt x 325.215pt>
File: graficas/g3_speedup_v3_v4_vs_v2O3.png Graphic file (type png)
<use graficas/g3_speedup_v3_v4_vs_v2O3.png>
Package luatex.def Info: graficas/g3_speedup_v3_v4_vs_v2O3.png  used on input l
ine 381.
(luatex.def)             Requested size: 238.53899pt x 153.3473pt.

Underfull \vbox (badness 4819) has occurred while \output is active []

<graficas/g4_speedup_hilos.png, id=142, 542.025pt x 325.215pt>
File: graficas/g4_speedup_hilos.png Graphic file (type png)
<use graficas/g4_speedup_hilos.png>
Package luatex.def Info: graficas/g4_speedup_hilos.png  used on input line 414.

(luatex.def)             Requested size: 238.53899pt x 143.12482pt.
<graficas/g5_schedulings.png, id=144, 1011.78pt x 325.215pt>
File: graficas/g5_schedulings.png Graphic file (type png)
<use graficas/g5_schedulings.png>
Package luatex.def Info: graficas/g5_schedulings.png  used on input line 443.
(luatex.def)             Requested size: 475.27817pt x 152.77167pt.


LaTeX Warning: `h' float specifier changed to `ht'.


Underfull \hbox (badness 10000) in paragraph at lines 452--455
[]\TU/texgyrepagella(0)/m/n/10 La Fi-gu-ra [][]6[][] com-pa-ra la va-rian-te ba-
se con
 []

[3<./graficas/g2_speedup_vs_v1O3.png><./graficas/g3_speedup_v3_v4_vs_v2O3.png><.
/graficas/g4_speedup_hilos.png>]
Underfull \hbox (badness 10000) in paragraph at lines 462--469
[]\TU/texgyrepagella(0)/m/n/10 La es-ca-sa di-fe-ren-cia se de-be a que la sec-
 []


Underfull \hbox (badness 10000) in paragraph at lines 462--469
\TU/texgyrepagella(0)/m/n/10 ción crí-ti-ca so-lo acu-mu-la una su-ma es-ca-la
r
 []


Underfull \hbox (badness 10000) in paragraph at lines 462--469
\TU/texgyrepagella(0)/m/n/10 (\TU/lmtt/m/n/10 norm2 += local_norm2\TU/texgyrepa
gella(0)/m/n/10 ), ope-ra-ción de du-ra-ción
 []

<graficas/g6_atomic_vs_critical.png, id=157, 1011.78pt x 325.215pt>
File: graficas/g6_atomic_vs_critical.png Graphic file (type png)
<use graficas/g6_atomic_vs_critical.png>
Package luatex.def Info: graficas/g6_atomic_vs_critical.png  used on input line
 473.
(luatex.def)             Requested size: 475.27817pt x 152.77167pt.

LaTeX Warning: `h' float specifier changed to `ht'.


Underfull \hbox (badness 10000) in paragraph at lines 497--502
[]\TU/texgyrepagella(0)/b/n/10 Vec-to-ri-za-ción SIMD (v4): \TU/texgyrepagella
(0)/m/n/10 los in-trín-se-cos
 []


Underfull \hbox (badness 1648) in paragraph at lines 497--502
\OML/cmm/m/it/10 n[]\OT1/cmr/m/n/10 3200$\TU/texgyrepagella(0)/m/n/10 , ren-di-m
ien-to com-pa-ra-ble a v2\TU/lmtt/m/n/10 -O3\TU/texgyrepagella(0)/m/n/10 . La
 []


Underfull \hbox (badness 10000) in paragraph at lines 527--531
[]\TU/texgyrepagella(0)/m/n/10 In-tel Cor-po-ra-tion, \TU/texgyrepagella(0)/m/i
t/10 In-tel In-trin-sics Gui-de\TU/texgyrepagella(0)/m/n/10 ,
 []


Underfull \hbox (badness 10000) in paragraph at lines 527--531
[][]$\TU/lmtt/m/n/10 https://www.intel.com/content/www/us/
 []


Underfull \hbox (badness 1163) in paragraph at lines 527--531
\TU/lmtt/m/n/10 en/docs/intrinsics-[]guide/$[][]\TU/texgyrepagella(0)/m/n/10 , 
 [on-li-ne] úl-ti-ma
 []


Underfull \hbox (badness 10000) in paragraph at lines 533--537
[]\TU/texgyrepagella(0)/m/n/10 OpenMP Ar-chi-tec-tu-re Re-view Board,
 []


Underfull \hbox (badness 10000) in paragraph at lines 533--537
\TU/texgyrepagella(0)/m/it/10 OpenMP API v3.0 Sum-mary Spec\TU/texgyrepagella(0
)/m/n/10 , [][]$\TU/lmtt/m/n/10 https:
 []


Underfull \hbox (badness 10000) in paragraph at lines 533--537
\TU/lmtt/m/n/10 //www.openmp.org/wp-[]content/uploads/
 []

[4<./graficas/g5_schedulings.png>] [5<./graficas/g6_atomic_vs_critical.png>]
(./Memoria.aux
LaTeX Info: Redefining \. on input line 12.
LaTeX Info: Redefining \% on input line 12.
)
 ***********
LaTeX2e <2025-11-01>
L3 programming layer <2026-01-19>
 ***********
Package rerunfilecheck Info: File `Memoria.out' has not changed.
(rerunfilecheck)             Checksum: C0D4A20B9FD5F86A0FF2387247C35172;2670.
)

Here is how much of LuaTeX's memory you used:
 20977 strings out of 476076
 305802,953878 words of node,token memory allocated
 703 words of node memory still in use:
   8 hlist, 2 vlist, 2 rule, 1 local_par, 6 glue, 6 kern, 1 penalty, 3 glyph, 27
 attribute, 66 glue_spec, 14 attribute_list, 1 write, 2 pdf_action nodes
   avail lists: 1:5,2:4814,3:466,4:5572,5:4997,6:104,7:14887,8:67,9:11924,10:28,
11:1620,12:1
 42988 multiletter control sequences out of 65536+600000
 97 fonts using 12042351 bytes
 73i,11n,92p,1005b,669s stack positions out of 10000i,1000n,20000p,200000b,200000s
<c:/users/Álvaro schwiedop/appdata/local/programs/miktex/fonts/opentype/public/
lm/lmmono8-regular.otf><c:/users/Álvaro schwiedop/appdata/local/programs/miktex
/fonts/opentype/public/lm/lmmonolt10-bold.otf><c:/users/Álvaro schwiedop/appdat
a/local/programs/miktex/fonts/opentype/public/lm/lmmono9-regular.otf><C:/Users/
Álvaro Schwiedop/AppData/Local/Programs/MiKTeX/fonts/opentype/public/tex-gyre/t
exgyrepagella-bolditalic.otf><c:/users/Álvaro schwiedop/appdata/local/programs/
miktex/fonts/opentype/public/lm/lmmono10-italic.otf><C:/Users/Álvaro Schwiedop/
AppData/Local/Programs/MiKTeX/fonts/opentype/public/tex-gyre/texgyrepagella-ital
ic.otf><c:/users/Álvaro schwiedop/appdata/local/programs/miktex/fonts/opentype/
public/lm/lmmono10-regular.otf><C:/Users/Álvaro Schwiedop/AppData/Local/Program
s/MiKTeX/fonts/opentype/public/tex-gyre/texgyrepagella-regular.otf><C:/Users/
Álvaro Schwiedop/AppData/Local/Programs/MiKTeX/fonts/opentype/public/tex-gyre/t
exgyrepagella-bold.otf><C:/Users/Álvaro Schwiedop/AppData/Local/Programs/MiKTeX
/fonts/type1/public/amsfonts/cm/cmex10.pfb><C:/Users/Álvaro Schwiedop/AppData/L
ocal/Programs/MiKTeX/fonts/type1/public/amsfonts/cm/cmmi10.pfb><C:/Users/Álvaro
 Schwiedop/AppData/Local/Programs/MiKTeX/fonts/type1/public/amsfonts/cm/cmmi6.pf
b><C:/Users/Álvaro Schwiedop/AppData/Local/Programs/MiKTeX/fonts/type1/public/a
msfonts/cm/cmmi7.pfb><C:/Users/Álvaro Schwiedop/AppData/Local/Programs/MiKTeX/f
onts/type1/public/amsfonts/cm/cmmi8.pfb><C:/Users/Álvaro Schwiedop/AppData/Loca
l/Programs/MiKTeX/fonts/type1/public/amsfonts/cm/cmmi9.pfb><C:/Users/Álvaro Sch
wiedop/AppData/Local/Programs/MiKTeX/fonts/type1/public/amsfonts/cm/cmr10.pfb><C
:/Users/Álvaro Schwiedop/AppData/Local/Programs/MiKTeX/fonts/type1/public/amsfo
nts/cm/cmr6.pfb><C:/Users/Álvaro Schwiedop/AppData/Local/Programs/MiKTeX/fonts/
type1/public/amsfonts/cm/cmr7.pfb><C:/Users/Álvaro Schwiedop/AppData/Local/Prog
rams/MiKTeX/fonts/type1/public/amsfonts/cm/cmr8.pfb><C:/Users/Álvaro Schwiedop/
AppData/Local/Programs/MiKTeX/fonts/type1/public/amsfonts/cm/cmr9.pfb><C:/Users/
Álvaro Schwiedop/AppData/Local/Programs/MiKTeX/fonts/type1/public/amsfonts/cm/c
msy10.pfb><C:/Users/Álvaro Schwiedop/AppData/Local/Programs/MiKTeX/fonts/type1/
public/amsfonts/cm/cmsy6.pfb><C:/Users/Álvaro Schwiedop/AppData/Local/Programs/
MiKTeX/fonts/type1/public/amsfonts/cm/cmsy7.pfb><C:/Users/Álvaro Schwiedop/AppD
ata/Local/Programs/MiKTeX/fonts/type1/public/amsfonts/cm/cmsy9.pfb><C:/Users/
Álvaro Schwiedop/AppData/Local/Programs/MiKTeX/fonts/type1/public/amsfonts/symb
ols/msbm10.pfb>
Output written on Memoria.pdf (5 pages, 593413 bytes).

PDF statistics: 293 PDF objects out of 1000 (max. 8388607)
 67 named destinations out of 1000 (max. 1048576)
 121 words of extra memory for PDF output out of 10000 (max. 100000000)

