slurmstepd: info: Setting TMPDIR to /scratch/6264812. Previous errors about TMPDIR can be discarded
===== Jacobi v1/v2: experimentos secuenciales =====
Nodo : c204-10
Fecha: Thu Apr  9 11:32:24 CEST 2026
CPUs : 1

── Compilando v1 y v2 con -O0 ──
── Ejecutando v1 -O0 ──
   n=1250
   n=2000
   n=3200
── Ejecutando v2 -O0 ──
   n=1250
   n=2000
   n=3200

── Compilando v1 y v2 con -O3 ──
── Ejecutando v1 -O3 ──
   n=1250
   n=2000
   n=3200
── Ejecutando v2 -O3 ──
   n=1250
   n=2000
   n=3200

===== v1/v2 finalizados  (Thu Apr  9 16:06:20 CEST 2026) =====
Líneas esperadas por fichero: 30  (1 tamaños × 10 reps)
  OK    resultados/v1_O0.txt — 30 líneas
  OK    resultados/v1_O3.txt — 30 líneas
  OK    resultados/v2_O0.txt — 30 líneas
  OK    resultados/v2_O3.txt — 30 líneas

Todos los ficheros completos. Listo para análisis.

*****************************************************************************
*                                                                           *
*                    JOB EFFICIENCY REPORT (seff 6264812)                   *
*                                                                           *
*****************************************************************************

Job ID: 6264812
Cluster: finisterrae3
User/Group: curso1523/usc
State: COMPLETED (exit code 0)
Cores: 1
CPU Utilized: 04:33:05
CPU Efficiency: 99.68% of 04:33:57 core-walltime
Job Wall-clock time: 04:33:57
Memory Utilized: 78.65 MB
Memory Efficiency: 7.68% of 1.00 GB

 +++++++++++++++++++++++++++++++++++++++++++++++++++++++++++++++++++++++++++
 ++   Memory Efficiency is too small. Please review the requested memory. ++
 ++ It seems that you do not need that much memory so we recommend        ++
 ++ requesting less memory in other similar jobs.                         ++
 +++++++++++++++++++++++++++++++++++++++++++++++++++++++++++++++++++++++++++
 
*****************************************************************************

