slurmstepd: info: Setting TMPDIR to /scratch/6264813. Previous errors about TMPDIR can be discarded
===== Jacobi v3 (OpenMP): experimentos paralelos =====
Nodo : c204-13
Fecha: Thu Apr  9 11:57:46 CEST 2026
CPUs : 64

── Compilando v3_static  [reduction + schedule(static)] ──
── Ejecutando v3_static ──

── Generando v3_dyn.c  [reduction + schedule(dynamic,16)] ──
── Compilando v3_dyn ──
── Ejecutando v3_dyn ──

── Generando v3_gui.c  [reduction + schedule(guided)] ──
── Compilando v3_gui ──
── Ejecutando v3_gui ──

── Generando v3_crit.c  [critical en lugar de reduction] ──
v3_crit.c generado correctamente
  Verificación v3_crit.c: todas las transformaciones correctas
── Compilando v3_crit ──
ERROR compilando v3_crit — revisa v3_crit.c manualmente
AVISO: v3_crit no se ejecutó (fallo de compilación)

===== v3 finalizado =====
Líneas esperadas por fichero: 180  (3 tamaños x 6 hilos x 10 reps)
  resultados/v3_O3_static.txt  (180 líneas)
  resultados/v3_O3_dynamic.txt  (180 líneas)
  resultados/v3_O3_guided.txt  (180 líneas)
  resultados/v3_O3_critical.txt  (0 líneas)

*****************************************************************************
*                                                                           *
*                    JOB EFFICIENCY REPORT (seff 6264813)                   *
*                                                                           *
*****************************************************************************

Job ID: 6264813
Cluster: finisterrae3
User/Group: curso1523/usc
State: COMPLETED (exit code 0)
Nodes: 1
Cores per node: 64
CPU Utilized: 12:31:08
CPU Efficiency: 5.01% of 10-09:41:20 core-walltime
Job Wall-clock time: 03:54:05
Memory Utilized: 81.26 MB
Memory Efficiency: 7.94% of 1.00 GB

 +++++++++++++++++++++++++++++++++++++++++++++++++++++++++++++++++++++++++++
 ++   Memory Efficiency is too small. Please review the requested memory. ++
 ++ It seems that you do not need that much memory so we recommend        ++
 ++ requesting less memory in other similar jobs.                         ++
 +++++++++++++++++++++++++++++++++++++++++++++++++++++++++++++++++++++++++++
 
*****************************************************************************

