slurmstepd: info: Setting TMPDIR to /scratch/6266143. Previous errors about TMPDIR can be discarded
===== Jacobi v4 (AVX256+FMA): experimentos SIMD =====
Nodo : c205-30
Fecha: Thu Apr  9 12:34:09 CEST 2026
CPUs : 64

── Compilando v4 con -O0 -mavx2 -mfma ──
── Ejecutando v4 -O0 ──
   n=1250
   n=2000
   n=3200

── Compilando v4 con -O3 -mavx2 -mfma ──
── Ejecutando v4 -O3 ──
   n=1250
   n=2000
   n=3200

===== v4 finalizado  (Thu Apr  9 14:04:59 CEST 2026) =====
Líneas esperadas por fichero: 30  (3 tamaños × 10 reps)
  OK    resultados/v4_O0.txt — 30 líneas
  OK    resultados/v4_O3.txt — 30 líneas

Todos los ficheros completos. Listo para análisis.

*****************************************************************************
*                                                                           *
*                    JOB EFFICIENCY REPORT (seff 6266143)                   *
*                                                                           *
*****************************************************************************

Job ID: 6266143
Cluster: finisterrae3
User/Group: curso1523/usc
State: COMPLETED (exit code 0)
Nodes: 1
Cores per node: 64
CPU Utilized: 01:30:37
CPU Efficiency: 1.56% of 4-00:53:20 core-walltime
Job Wall-clock time: 01:30:50
Memory Utilized: 79.20 MB
Memory Efficiency: 7.73% of 1.00 GB

 +++++++++++++++++++++++++++++++++++++++++++++++++++++++++++++++++++++++++++
 ++   Memory Efficiency is too small. Please review the requested memory. ++
 ++ It seems that you do not need that much memory so we recommend        ++
 ++ requesting less memory in other similar jobs.                         ++
 +++++++++++++++++++++++++++++++++++++++++++++++++++++++++++++++++++++++++++
 
*****************************************************************************

