slurmstepd: info: Setting TMPDIR to /scratch/6464398. Previous errors about TMPDIR can be discarded
===== Jacobi v4 (SIMD AVX256 + FMA) =====
Directorio : /mnt/netapp2/Home_FT2/home/usc/cursos/curso1523/ArqComp-Practica2
Nodo       : c204-29
Fecha      : Sun Apr 19 03:37:55 CEST 2026
CPUs       : 64

── Compilando v4 con -O0 ──
cc -O0 -mavx2 -mfma -Wall -o v4 v4.c -lm
── Ejecutando v4 -O0 ──
   v4  n=1250
   v4  n=2000
   v4  n=3200

── Compilando v4 con -O3 ──
cc -O3 -mavx2 -mfma -Wall -o v4 v4.c -lm
── Ejecutando v4 -O3 ──
   v4  n=1250
   v4  n=2000
   v4  n=3200

===== v4 finalizado (Sun Apr 19 05:08:53 CEST 2026) =====
Lineas esperadas por fichero: 30
  OK    /mnt/netapp2/Home_FT2/home/usc/cursos/curso1523/ArqComp-Practica2/resultados/v4_O0.txt — 30 lineas
  OK    /mnt/netapp2/Home_FT2/home/usc/cursos/curso1523/ArqComp-Practica2/resultados/v4_O3.txt — 30 lineas

Todos los ficheros de v4 se generaron correctamente.

*****************************************************************************
*                                                                           *
*                    JOB EFFICIENCY REPORT (seff 6464398)                   *
*                                                                           *
*****************************************************************************

Job ID: 6464398
Cluster: finisterrae3
User/Group: curso1523/usc
State: COMPLETED (exit code 0)
Nodes: 1
Cores per node: 64
CPU Utilized: 01:30:45
CPU Efficiency: 1.56% of 4-01:02:56 core-walltime
Job Wall-clock time: 01:30:59
Memory Utilized: 79.90 MB
Memory Efficiency: 7.80% of 1.00 GB

 +++++++++++++++++++++++++++++++++++++++++++++++++++++++++++++++++++++++++++
 ++   Memory Efficiency is too small. Please review the requested memory. ++
 ++ It seems that you do not need that much memory so we recommend        ++
 ++ requesting less memory in other similar jobs.                         ++
 +++++++++++++++++++++++++++++++++++++++++++++++++++++++++++++++++++++++++++
 
*****************************************************************************

